<?xml version="1.0" encoding="UTF-8"?>
<!-- Generated by org.testng.reporters.JUnitReportReporter -->
<testsuite hostname="LAPTOP-19EN3AKP" failures="0" tests="3" name="com.opencart.testcases.SearchTest" time="15.097" errors="0" timestamp="2023-10-24T03:38:46 IST" skipped="0">
  <testcase classname="com.opencart.testcases.SearchTest" name="verifySearchresultWithValidProduct" time="4.161"/>
  <testcase classname="com.opencart.testcases.SearchTest" name="verifySearchresultWithInValidProduct" time="5.184"/>
  <testcase classname="com.opencart.testcases.SearchTest" name="verifySearchresultWithoutData" time="5.752"/>
</testsuite> <!-- com.opencart.testcases.SearchTest -->
