<?xml version="1.0" encoding="UTF-8"?>
<!-- Generated by org.testng.reporters.JUnitReportReporter -->
<testsuite hostname="LAPTOP-19EN3AKP" failures="0" tests="1" name="com.opencart.testcases.RegisterTest" time="9.969" errors="0" timestamp="2023-10-24T18:28:41 IST" skipped="0">
  <testcase classname="com.opencart.testcases.RegisterTest" name="verifyRegistrationWithMandatoryFields" time="9.969"/>
</testsuite> <!-- com.opencart.testcases.RegisterTest -->
