<?xml version="1.0" encoding="UTF-8"?>
<!-- Generated by org.testng.reporters.JUnitReportReporter -->
<testsuite hostname="LAPTOP-19EN3AKP" failures="0" tests="4" name="com.opencart.testcases.RegisterTest" time="24.566" errors="0" timestamp="2023-10-24T03:38:46 IST" skipped="0">
  <testcase classname="com.opencart.testcases.RegisterTest" name="verifyRegistrationWithMandatoryFields" time="6.594"/>
  <testcase classname="com.opencart.testcases.RegisterTest" name="verifyRegistrationWithAllFields" time="6.272"/>
  <testcase classname="com.opencart.testcases.RegisterTest" name="verifyRegistrationWithExistingEmail" time="6.337"/>
  <testcase classname="com.opencart.testcases.RegisterTest" name="verifyRegistrationWithoutFillingAnyDetails" time="5.363"/>
</testsuite> <!-- com.opencart.testcases.RegisterTest -->
