<?xml version="1.0" encoding="UTF-8"?>
<!-- Generated by org.testng.reporters.JUnitReportReporter -->
<testsuite hostname="LAPTOP-19EN3AKP" failures="0" tests="7" name="com.opencart.testcases.LoginTest" time="40.985" errors="0" timestamp="2023-10-24T03:38:46 IST" skipped="0">
  <testcase classname="com.opencart.testcases.LoginTest" name="verifyLoginWithValidCredentials" time="6.102"/>
  <testcase classname="com.opencart.testcases.LoginTest" name="verifyLoginWithValidCredentials" time="5.607"/>
  <testcase classname="com.opencart.testcases.LoginTest" name="verifyLoginWithValidCredentials" time="8.025"/>
  <testcase classname="com.opencart.testcases.LoginTest" name="verifyLoginWithInValidCredentials" time="4.923"/>
  <testcase classname="com.opencart.testcases.LoginTest" name="verifyLoginWithInValidEmail" time="4.988"/>
  <testcase classname="com.opencart.testcases.LoginTest" name="verifyLoginWithInValidPassword" time="6.068"/>
  <testcase classname="com.opencart.testcases.LoginTest" name="verifyLoginWithoutData" time="5.272"/>
</testsuite> <!-- com.opencart.testcases.LoginTest -->
