<?xml version="1.0" encoding="UTF-8"?>
<!-- Generated by org.testng.reporters.JUnitReportReporter -->
<testsuite hostname="LAPTOP-19EN3AKP" failures="0" tests="3" name="com.opencart.testcases.SearchTest" time="10.043" errors="0" timestamp="2023-10-24T06:27:08 IST" skipped="0">
  <testcase classname="com.opencart.testcases.SearchTest" name="verifySearchresultWithValidProduct" time="3.441"/>
  <testcase classname="com.opencart.testcases.SearchTest" name="verifySearchresultWithInValidProduct" time="3.301"/>
  <testcase classname="com.opencart.testcases.SearchTest" name="verifySearchresultWithoutData" time="3.301"/>
</testsuite> <!-- com.opencart.testcases.SearchTest -->
