<?xml version="1.0" encoding="UTF-8"?>
<!-- Generated by org.testng.reporters.JUnitReportReporter -->
<testsuite hostname="LAPTOP-19EN3AKP" failures="0" tests="2" name="com.opencart.testcases.Search" time="9.821" errors="0" timestamp="2023-10-22T21:22:06 IST" skipped="0">
  <testcase classname="com.opencart.testcases.Search" name="verifySearchresultWithValidProduct" time="4.244"/>
  <testcase classname="com.opencart.testcases.Search" name="verifySearchresultWithInValidProduct" time="5.577"/>
</testsuite> <!-- com.opencart.testcases.Search -->
