<?xml version="1.0" encoding="UTF-8"?>
<!-- Generated by org.testng.reporters.JUnitReportReporter -->
<testsuite hostname="LAPTOP-19EN3AKP" failures="0" tests="3" name="com.opencart.testcases.LoginTest" time="34.234" errors="0" timestamp="2023-10-24T18:26:42 IST" skipped="0">
  <testcase classname="com.opencart.testcases.LoginTest" name="verifyLoginWithValidCredentials" time="6.364"/>
  <testcase classname="com.opencart.testcases.LoginTest" name="verifyLoginWithValidCredentials" time="6.233"/>
  <testcase classname="com.opencart.testcases.LoginTest" name="verifyLoginWithValidCredentials" time="21.637"/>
</testsuite> <!-- com.opencart.testcases.LoginTest -->
