<?xml version="1.0" encoding="UTF-8"?>
<!-- Generated by org.testng.reporters.JUnitReportReporter -->
<testsuite hostname="LAPTOP-19EN3AKP" failures="0" tests="3" name="com.opencart.testcases.SearchTest" time="21.418" errors="0" timestamp="2023-10-24T05:38:34 IST" skipped="0">
  <testcase classname="com.opencart.testcases.SearchTest" name="verifySearchresultWithValidProduct" time="5.236"/>
  <testcase classname="com.opencart.testcases.SearchTest" name="verifySearchresultWithInValidProduct" time="12.030"/>
  <testcase classname="com.opencart.testcases.SearchTest" name="verifySearchresultWithoutData" time="4.152"/>
</testsuite> <!-- com.opencart.testcases.SearchTest -->
