<?xml version="1.0" encoding="UTF-8"?>
<!-- Generated by org.testng.reporters.JUnitReportReporter -->
<testsuite hostname="LAPTOP-19EN3AKP" failures="0" tests="3" name="com.opencart.testcases.SearchTest" time="13.146" errors="0" timestamp="2023-10-24T17:20:45 IST" skipped="0">
  <testcase classname="com.opencart.testcases.SearchTest" name="verifySearchresultWithValidProduct" time="4.733"/>
  <testcase classname="com.opencart.testcases.SearchTest" name="verifySearchresultWithInValidProduct" time="4.837"/>
  <testcase classname="com.opencart.testcases.SearchTest" name="verifySearchresultWithoutData" time="3.576"/>
</testsuite> <!-- com.opencart.testcases.SearchTest -->
