<?xml version="1.0" encoding="UTF-8"?>
<!-- Generated by org.testng.reporters.JUnitReportReporter -->
<testsuite hostname="LAPTOP-19EN3AKP" failures="0" tests="4" name="com.opencart.testcases.RegisterTest" time="22.664" errors="0" timestamp="2023-10-24T17:20:45 IST" skipped="0">
  <testcase classname="com.opencart.testcases.RegisterTest" name="verifyRegistrationWithMandatoryFields" time="6.105"/>
  <testcase classname="com.opencart.testcases.RegisterTest" name="verifyRegistrationWithAllFields" time="6.102"/>
  <testcase classname="com.opencart.testcases.RegisterTest" name="verifyRegistrationWithExistingEmail" time="5.192"/>
  <testcase classname="com.opencart.testcases.RegisterTest" name="verifyRegistrationWithoutFillingAnyDetails" time="5.265"/>
</testsuite> <!-- com.opencart.testcases.RegisterTest -->
