<?xml version="1.0" encoding="UTF-8"?>
<!-- Generated by org.testng.reporters.JUnitReportReporter -->
<testsuite hostname="LAPTOP-19EN3AKP" failures="0" tests="7" name="com.opencart.testcases.LoginTest" time="65.575" errors="0" timestamp="2023-10-24T06:11:59 IST" skipped="0">
  <testcase classname="com.opencart.testcases.LoginTest" name="verifyLoginWithValidCredentials" time="5.732"/>
  <testcase classname="com.opencart.testcases.LoginTest" name="verifyLoginWithValidCredentials" time="7.344"/>
  <testcase classname="com.opencart.testcases.LoginTest" name="verifyLoginWithValidCredentials" time="6.058"/>
  <testcase classname="com.opencart.testcases.LoginTest" name="verifyLoginWithInValidCredentials" time="27.245"/>
  <testcase classname="com.opencart.testcases.LoginTest" name="verifyLoginWithInValidEmail" time="4.946"/>
  <testcase classname="com.opencart.testcases.LoginTest" name="verifyLoginWithInValidPassword" time="6.999"/>
  <testcase classname="com.opencart.testcases.LoginTest" name="verifyLoginWithoutData" time="7.251"/>
</testsuite> <!-- com.opencart.testcases.LoginTest -->
