<?xml version="1.0" encoding="UTF-8"?>
<!-- Generated by org.testng.reporters.JUnitReportReporter -->
<testsuite hostname="LAPTOP-19EN3AKP" failures="0" tests="7" name="com.opencart.testcases.LoginTest" time="41.880" errors="0" timestamp="2023-10-24T17:20:45 IST" skipped="0">
  <testcase classname="com.opencart.testcases.LoginTest" name="verifyLoginWithValidCredentials" time="4.953"/>
  <testcase classname="com.opencart.testcases.LoginTest" name="verifyLoginWithValidCredentials" time="7.525"/>
  <testcase classname="com.opencart.testcases.LoginTest" name="verifyLoginWithValidCredentials" time="4.824"/>
  <testcase classname="com.opencart.testcases.LoginTest" name="verifyLoginWithInValidCredentials" time="4.870"/>
  <testcase classname="com.opencart.testcases.LoginTest" name="verifyLoginWithInValidEmail" time="5.264"/>
  <testcase classname="com.opencart.testcases.LoginTest" name="verifyLoginWithInValidPassword" time="5.427"/>
  <testcase classname="com.opencart.testcases.LoginTest" name="verifyLoginWithoutData" time="9.017"/>
</testsuite> <!-- com.opencart.testcases.LoginTest -->
