<?xml version="1.0" encoding="UTF-8"?>
<!-- Generated by org.testng.reporters.JUnitReportReporter -->
<testsuite hostname="LAPTOP-19EN3AKP" failures="0" tests="3" name="com.opencart.testcases.SearchTest" time="16.355" errors="0" timestamp="2023-10-24T04:42:11 IST" skipped="0">
  <testcase classname="com.opencart.testcases.SearchTest" name="verifySearchresultWithValidProduct" time="7.143"/>
  <testcase classname="com.opencart.testcases.SearchTest" name="verifySearchresultWithInValidProduct" time="4.712"/>
  <testcase classname="com.opencart.testcases.SearchTest" name="verifySearchresultWithoutData" time="4.500"/>
</testsuite> <!-- com.opencart.testcases.SearchTest -->
